TN:
SF:src/stack/stack.js
FN:3,Stack
FN:7,size
FN:10,push
FN:15,pop
FN:24,peek
FNF:5
FNH:5
FNDA:6,Stack
FNDA:4,size
FNDA:5,push
FNDA:2,pop
FNDA:2,peek
DA:1,1
DA:2,1
DA:3,1
DA:4,6
DA:5,6
DA:6,6
DA:7,1
DA:8,4
DA:9,4
DA:10,1
DA:11,5
DA:12,5
DA:13,5
DA:14,5
DA:15,1
DA:16,2
DA:17,1
DA:18,1
DA:19,1
DA:20,1
DA:21,1
DA:22,1
DA:23,1
DA:24,1
DA:25,2
DA:26,1
DA:27,1
DA:28,1
DA:29,1
DA:30,1
DA:31,1
DA:32,1
DA:33,1
DA:34,1
DA:35,1
DA:36,1
DA:37,1
DA:38,1
DA:39,1
DA:40,1
DA:41,1
DA:42,1
DA:43,1
DA:44,1
DA:45,1
DA:46,1
DA:47,1
DA:48,1
DA:49,1
DA:50,1
DA:51,1
DA:52,1
DA:53,1
DA:54,1
DA:55,1
LF:55
LH:55
BRDA:3,0,0,6
BRDA:7,1,0,4
BRDA:10,2,0,5
BRDA:15,3,0,2
BRDA:16,4,0,1
BRDA:24,5,0,2
BRDA:25,6,0,1
BRF:7
BRH:7
end_of_record
